<?xml version="1.0" encoding="UTF-8" ?>
<testsuite tests="32" failures="0" name="cz.muni.fi.pv168.pokemonmanager.ReservationManagerImplTest" time="5.525" errors="0" skipped="0">
  <properties>
[...]
</properties>
  <testcase classname="cz.muni.fi.pv168.pokemonmanager.ReservationManagerImplTest" name="deleteTestNullReservation" time="0.298"/>
  <testcase classname="cz.muni.fi.pv168.pokemonmanager.ReservationManagerImplTest" name="testNullIdCustomer" time="0.199"/>
  <testcase classname="cz.muni.fi.pv168.pokemonmanager.ReservationManagerImplTest" name="testFindNullPokemon" time="0.161"/>
  <testcase classname="cz.muni.fi.pv168.pokemonmanager.ReservationManagerImplTest" name="updateTestNullIdPokemon" time="0.181"/>
  <testcase classname="cz.muni.fi.pv168.pokemonmanager.ReservationManagerImplTest" name="testInvalidDate" time="0.162"/>
  <testcase classname="cz.muni.fi.pv168.pokemonmanager.ReservationManagerImplTest" name="testRightDelete" time="0.214"/>
  <testcase classname="cz.muni.fi.pv168.pokemonmanager.ReservationManagerImplTest" name="testFindNullIdCustomer" time="0.183"/>
  <testcase classname="cz.muni.fi.pv168.pokemonmanager.ReservationManagerImplTest" name="testFindPokemonReservation" time="0.203"/>
  <testcase classname="cz.muni.fi.pv168.pokemonmanager.ReservationManagerImplTest" name="testNullReservation" time="0.168"/>
  <testcase classname="cz.muni.fi.pv168.pokemonmanager.ReservationManagerImplTest" name="updateTestNullReservation" time="0.164"/>
  <testcase classname="cz.muni.fi.pv168.pokemonmanager.ReservationManagerImplTest" name="testNullFrom" time="0.197"/>
  <testcase classname="cz.muni.fi.pv168.pokemonmanager.ReservationManagerImplTest" name="testRightUpdate" time="0.215"/>
  <testcase classname="cz.muni.fi.pv168.pokemonmanager.ReservationManagerImplTest" name="testCreatingReservations" time="0.163"/>
  <testcase classname="cz.muni.fi.pv168.pokemonmanager.ReservationManagerImplTest" name="updateTestInvalidDate" time="0.151"/>
  <testcase classname="cz.muni.fi.pv168.pokemonmanager.ReservationManagerImplTest" name="testFindNullCustomer" time="0.168"/>
  <testcase classname="cz.muni.fi.pv168.pokemonmanager.ReservationManagerImplTest" name="deleteTestNullId" time="0.158"/>
  <testcase classname="cz.muni.fi.pv168.pokemonmanager.ReservationManagerImplTest" name="updateTestNullIdCustomer" time="0.156"/>
  <testcase classname="cz.muni.fi.pv168.pokemonmanager.ReservationManagerImplTest" name="updateTestNullId" time="0.151"/>
  <testcase classname="cz.muni.fi.pv168.pokemonmanager.ReservationManagerImplTest" name="updateTestNullTo" time="0.164"/>
  <testcase classname="cz.muni.fi.pv168.pokemonmanager.ReservationManagerImplTest" name="testAssignedId" time="0.157"/>
  <testcase classname="cz.muni.fi.pv168.pokemonmanager.ReservationManagerImplTest" name="testNullPokemon" time="0.155"/>
  <testcase classname="cz.muni.fi.pv168.pokemonmanager.ReservationManagerImplTest" name="testFindNullIdPokemon" time="0.163"/>
  <testcase classname="cz.muni.fi.pv168.pokemonmanager.ReservationManagerImplTest" name="getRightReservation" time="0.172"/>
  <testcase classname="cz.muni.fi.pv168.pokemonmanager.ReservationManagerImplTest" name="testFindAllReservation" time="0.175"/>
  <testcase classname="cz.muni.fi.pv168.pokemonmanager.ReservationManagerImplTest" name="testNullCustomer" time="0.143"/>
  <testcase classname="cz.muni.fi.pv168.pokemonmanager.ReservationManagerImplTest" name="updateTestNullPokemon" time="0.169"/>
  <testcase classname="cz.muni.fi.pv168.pokemonmanager.ReservationManagerImplTest" name="testNullId" time="0.143"/>
  <testcase classname="cz.muni.fi.pv168.pokemonmanager.ReservationManagerImplTest" name="testNullTo" time="0.163"/>
  <testcase classname="cz.muni.fi.pv168.pokemonmanager.ReservationManagerImplTest" name="testFindCustomerReservation" time="0.178"/>
  <testcase classname="cz.muni.fi.pv168.pokemonmanager.ReservationManagerImplTest" name="updateTestNullCustomer" time="0.151"/>
  <testcase classname="cz.muni.fi.pv168.pokemonmanager.ReservationManagerImplTest" name="testNullIdPokemon" time="0.147"/>
  <testcase classname="cz.muni.fi.pv168.pokemonmanager.ReservationManagerImplTest" name="updateTestNullFrom" time="0.151"/>
</testsuite>