<?xml version="1.0" encoding="UTF-8" ?>
<testsuite tests="21" failures="0" name="cz.muni.fi.pv168.pokemonmanager.PokemonManagerImplTest" time="2.044" errors="0" skipped="0">
  <properties>
[...]
</properties>
  <testcase classname="cz.muni.fi.pv168.pokemonmanager.PokemonManagerImplTest" name="updateTestNegativeHealth" time="0.104"/>
  <testcase classname="cz.muni.fi.pv168.pokemonmanager.PokemonManagerImplTest" name="testRightDelete" time="0.141"/>
  <testcase classname="cz.muni.fi.pv168.pokemonmanager.PokemonManagerImplTest" name="testFindAllPokemon" time="0.104"/>
  <testcase classname="cz.muni.fi.pv168.pokemonmanager.PokemonManagerImplTest" name="testNullName" time="0.106"/>
  <testcase classname="cz.muni.fi.pv168.pokemonmanager.PokemonManagerImplTest" name="getRightPokemon" time="0.111"/>
  <testcase classname="cz.muni.fi.pv168.pokemonmanager.PokemonManagerImplTest" name="testRightUpdate" time="0.117"/>
  <testcase classname="cz.muni.fi.pv168.pokemonmanager.PokemonManagerImplTest" name="testCreatingPokemons" time="0.107"/>
  <testcase classname="cz.muni.fi.pv168.pokemonmanager.PokemonManagerImplTest" name="deleteTestNullId" time="0.095"/>
  <testcase classname="cz.muni.fi.pv168.pokemonmanager.PokemonManagerImplTest" name="updateTestNullId" time="0.084"/>
  <testcase classname="cz.muni.fi.pv168.pokemonmanager.PokemonManagerImplTest" name="testAssignedId" time="0.097"/>
  <testcase classname="cz.muni.fi.pv168.pokemonmanager.PokemonManagerImplTest" name="deleteTestNullPokemon" time="0.084"/>
  <testcase classname="cz.muni.fi.pv168.pokemonmanager.PokemonManagerImplTest" name="deleteTestMissingInDb" time="0.101"/>
  <testcase classname="cz.muni.fi.pv168.pokemonmanager.PokemonManagerImplTest" name="testNegativeHealth" time="0.111"/>
  <testcase classname="cz.muni.fi.pv168.pokemonmanager.PokemonManagerImplTest" name="testNullPokemon" time="0.078"/>
  <testcase classname="cz.muni.fi.pv168.pokemonmanager.PokemonManagerImplTest" name="testNegativePower" time="0.089"/>
  <testcase classname="cz.muni.fi.pv168.pokemonmanager.PokemonManagerImplTest" name="deleteTestIncorrectInDb" time="0.094"/>
  <testcase classname="cz.muni.fi.pv168.pokemonmanager.PokemonManagerImplTest" name="updateTestNullPokemon" time="0.095"/>
  <testcase classname="cz.muni.fi.pv168.pokemonmanager.PokemonManagerImplTest" name="testNullId" time="0.071"/>
  <testcase classname="cz.muni.fi.pv168.pokemonmanager.PokemonManagerImplTest" name="updateTestMissingInDb" time="0.089"/>
  <testcase classname="cz.muni.fi.pv168.pokemonmanager.PokemonManagerImplTest" name="updateTestNegativePower" time="0.087"/>
  <testcase classname="cz.muni.fi.pv168.pokemonmanager.PokemonManagerImplTest" name="updateTestNullName" time="0.079"/>
</testsuite>